<?xml version="1.0" encoding="UTF-8"?>
<!-- Generated by org.testng.reporters.JUnitXMLReporter -->
<testsuite hostname="Sarputheens-MacBook-Pro.local" ignored="0" name="Test Basics 1" tests="2" failures="0" timestamp="16 Nov 2021 19:44:41 GMT" time="151.019" errors="0">
  <testcase name="runScenario" time="94.891" classname="io.cucumber.testng.AbstractTestNGCucumberTests"/>
  <testcase name="runScenario" time="50.619" classname="io.cucumber.testng.AbstractTestNGCucumberTests"/>
</testsuite> <!-- Test Basics 1 -->
